<?xml version="1.0" encoding="UTF-8"?>
<!-- Generated by org.testng.reporters.JUnitReportReporter -->
<testsuite skipped="0" hostname="BLRCND52100713" name="myRunner.Runner" tests="1" failures="0" timestamp="03 Feb 2020 13:42:45 GMT" time="22.857" errors="0">
  <testcase name="feature" time="22.857" classname="myRunner.Runner"/>
</testsuite> <!-- myRunner.Runner -->
